<?xml version="1.0" encoding="UTF-8"?>
<testng-results ignored="0" total="1" passed="1" failed="0" skipped="0">
  <reporter-output>
  </reporter-output>
  <suite started-at="2023-04-28T18:17:40 IST" name="Default suite" finished-at="2023-04-28T18:17:45 IST" duration-ms="5759">
    <groups>
    </groups>
    <test started-at="2023-04-28T18:17:40 IST" name="Default test" finished-at="2023-04-28T18:17:45 IST" duration-ms="5759">
      <class name="TestCases.Login">
        <test-method is-config="true" signature="launch()[pri:0, instance:TestCases.Login@47e2e487]" started-at="2023-04-28T18:17:40 IST" name="launch" finished-at="2023-04-28T18:17:44 IST" duration-ms="4460" status="PASS">
          <reporter-output>
          </reporter-output>
        </test-method> <!-- launch -->
        <test-method signature="loginWithValidCredentials()[pri:0, instance:TestCases.Login@47e2e487]" started-at="2023-04-28T18:17:44 IST" name="loginWithValidCredentials" finished-at="2023-04-28T18:17:45 IST" duration-ms="1238" status="PASS">
          <reporter-output>
          </reporter-output>
        </test-method> <!-- loginWithValidCredentials -->
      </class> <!-- TestCases.Login -->
    </test> <!-- Default test -->
  </suite> <!-- Default suite -->
</testng-results>
